<?xml version="1.0" encoding="UTF-8"?>
<testsuite xmlns:xsi="http://www.w3.org/2001/XMLSchema-instance" xsi:noNamespaceSchemaLocation="https://maven.apache.org/surefire/maven-surefire-plugin/xsd/surefire-test-report-3.0.xsd" version="3.0" name="com.happiest.minds.sftpapplication.controller.RolePermissionControllerTest" time="0.058" tests="2" errors="0" skipped="0" failures="0">
  <properties>
    <property name="sonar.projectName" value="&apos;sftp-application&apos;"/>
    <property name="java.specification.version" value="17"/>
    <property name="sun.cpu.isalist" value="amd64"/>
    <property name="sonar.host.url" value="http://localhost:9099"/>
    <property name="sun.jnu.encoding" value="Cp1252"/>
    <property name="java.class.path" value="C:\Users\rashid.k\ImprovementProjects\sftp-application\target\test-classes;C:\Users\rashid.k\ImprovementProjects\sftp-application\target\classes;C:\Users\rashid.k\.m2\repository\org\springframework\boot\spring-boot-starter-validation\3.1.2\spring-boot-starter-validation-3.1.2.jar;C:\Users\rashid.k\.m2\repository\org\springframework\boot\spring-boot-starter\3.1.2\spring-boot-starter-3.1.2.jar;C:\Users\rashid.k\.m2\repository\org\springframework\boot\spring-boot\3.1.2\spring-boot-3.1.2.jar;C:\Users\rashid.k\.m2\repository\org\springframework\boot\spring-boot-autoconfigure\3.1.2\spring-boot-autoconfigure-3.1.2.jar;C:\Users\rashid.k\.m2\repository\org\springframework\boot\spring-boot-starter-logging\3.1.2\spring-boot-starter-logging-3.1.2.jar;C:\Users\rashid.k\.m2\repository\ch\qos\logback\logback-classic\1.4.8\logback-classic-1.4.8.jar;C:\Users\rashid.k\.m2\repository\ch\qos\logback\logback-core\1.4.8\logback-core-1.4.8.jar;C:\Users\rashid.k\.m2\repository\org\apache\logging\log4j\log4j-to-slf4j\2.20.0\log4j-to-slf4j-2.20.0.jar;C:\Users\rashid.k\.m2\repository\org\apache\logging\log4j\log4j-api\2.20.0\log4j-api-2.20.0.jar;C:\Users\rashid.k\.m2\repository\org\slf4j\jul-to-slf4j\2.0.7\jul-to-slf4j-2.0.7.jar;C:\Users\rashid.k\.m2\repository\jakarta\annotation\jakarta.annotation-api\2.1.1\jakarta.annotation-api-2.1.1.jar;C:\Users\rashid.k\.m2\repository\org\yaml\snakeyaml\1.33\snakeyaml-1.33.jar;C:\Users\rashid.k\.m2\repository\org\apache\tomcat\embed\tomcat-embed-el\10.1.11\tomcat-embed-el-10.1.11.jar;C:\Users\rashid.k\.m2\repository\org\hibernate\validator\hibernate-validator\8.0.1.Final\hibernate-validator-8.0.1.Final.jar;C:\Users\rashid.k\.m2\repository\jakarta\validation\jakarta.validation-api\3.0.2\jakarta.validation-api-3.0.2.jar;C:\Users\rashid.k\.m2\repository\org\jboss\logging\jboss-logging\3.5.3.Final\jboss-logging-3.5.3.Final.jar;C:\Users\rashid.k\.m2\repository\com\fasterxml\classmate\1.5.1\classmate-1.5.1.jar;C:\Users\rashid.k\.m2\repository\org\springframework\boot\spring-boot-starter-web\3.1.2\spring-boot-starter-web-3.1.2.jar;C:\Users\rashid.k\.m2\repository\org\springframework\boot\spring-boot-starter-json\3.1.2\spring-boot-starter-json-3.1.2.jar;C:\Users\rashid.k\.m2\repository\com\fasterxml\jackson\core\jackson-databind\2.15.2\jackson-databind-2.15.2.jar;C:\Users\rashid.k\.m2\repository\com\fasterxml\jackson\core\jackson-annotations\2.15.2\jackson-annotations-2.15.2.jar;C:\Users\rashid.k\.m2\repository\com\fasterxml\jackson\core\jackson-core\2.15.2\jackson-core-2.15.2.jar;C:\Users\rashid.k\.m2\repository\com\fasterxml\jackson\datatype\jackson-datatype-jdk8\2.15.2\jackson-datatype-jdk8-2.15.2.jar;C:\Users\rashid.k\.m2\repository\com\fasterxml\jackson\datatype\jackson-datatype-jsr310\2.15.2\jackson-datatype-jsr310-2.15.2.jar;C:\Users\rashid.k\.m2\repository\com\fasterxml\jackson\module\jackson-module-parameter-names\2.15.2\jackson-module-parameter-names-2.15.2.jar;C:\Users\rashid.k\.m2\repository\org\springframework\boot\spring-boot-starter-tomcat\3.1.2\spring-boot-starter-tomcat-3.1.2.jar;C:\Users\rashid.k\.m2\repository\org\apache\tomcat\embed\tomcat-embed-core\10.1.11\tomcat-embed-core-10.1.11.jar;C:\Users\rashid.k\.m2\repository\org\apache\tomcat\embed\tomcat-embed-websocket\10.1.11\tomcat-embed-websocket-10.1.11.jar;C:\Users\rashid.k\.m2\repository\org\springframework\spring-web\6.0.11\spring-web-6.0.11.jar;C:\Users\rashid.k\.m2\repository\org\springframework\spring-beans\6.0.11\spring-beans-6.0.11.jar;C:\Users\rashid.k\.m2\repository\org\springframework\spring-webmvc\6.0.11\spring-webmvc-6.0.11.jar;C:\Users\rashid.k\.m2\repository\org\springframework\spring-aop\6.0.11\spring-aop-6.0.11.jar;C:\Users\rashid.k\.m2\repository\org\springframework\spring-expression\6.0.11\spring-expression-6.0.11.jar;C:\Users\rashid.k\.m2\repository\org\projectlombok\lombok\1.18.28\lombok-1.18.28.jar;C:\Users\rashid.k\.m2\repository\org\springframework\boot\spring-boot-starter-test\3.1.2\spring-boot-starter-test-3.1.2.jar;C:\Users\rashid.k\.m2\repository\org\springframework\boot\spring-boot-test\3.1.2\spring-boot-test-3.1.2.jar;C:\Users\rashid.k\.m2\repository\org\springframework\boot\spring-boot-test-autoconfigure\3.1.2\spring-boot-test-autoconfigure-3.1.2.jar;C:\Users\rashid.k\.m2\repository\com\jayway\jsonpath\json-path\2.8.0\json-path-2.8.0.jar;C:\Users\rashid.k\.m2\repository\org\slf4j\slf4j-api\2.0.7\slf4j-api-2.0.7.jar;C:\Users\rashid.k\.m2\repository\jakarta\xml\bind\jakarta.xml.bind-api\4.0.0\jakarta.xml.bind-api-4.0.0.jar;C:\Users\rashid.k\.m2\repository\jakarta\activation\jakarta.activation-api\2.1.2\jakarta.activation-api-2.1.2.jar;C:\Users\rashid.k\.m2\repository\net\minidev\json-smart\2.4.11\json-smart-2.4.11.jar;C:\Users\rashid.k\.m2\repository\net\minidev\accessors-smart\2.4.11\accessors-smart-2.4.11.jar;C:\Users\rashid.k\.m2\repository\org\assertj\assertj-core\3.24.2\assertj-core-3.24.2.jar;C:\Users\rashid.k\.m2\repository\net\bytebuddy\byte-buddy\1.14.5\byte-buddy-1.14.5.jar;C:\Users\rashid.k\.m2\repository\org\hamcrest\hamcrest\2.2\hamcrest-2.2.jar;C:\Users\rashid.k\.m2\repository\org\junit\jupiter\junit-jupiter\5.9.3\junit-jupiter-5.9.3.jar;C:\Users\rashid.k\.m2\repository\org\junit\jupiter\junit-jupiter-api\5.9.3\junit-jupiter-api-5.9.3.jar;C:\Users\rashid.k\.m2\repository\org\opentest4j\opentest4j\1.2.0\opentest4j-1.2.0.jar;C:\Users\rashid.k\.m2\repository\org\junit\platform\junit-platform-commons\1.9.3\junit-platform-commons-1.9.3.jar;C:\Users\rashid.k\.m2\repository\org\apiguardian\apiguardian-api\1.1.2\apiguardian-api-1.1.2.jar;C:\Users\rashid.k\.m2\repository\org\junit\jupiter\junit-jupiter-params\5.9.3\junit-jupiter-params-5.9.3.jar;C:\Users\rashid.k\.m2\repository\org\junit\jupiter\junit-jupiter-engine\5.9.3\junit-jupiter-engine-5.9.3.jar;C:\Users\rashid.k\.m2\repository\org\junit\platform\junit-platform-engine\1.9.3\junit-platform-engine-1.9.3.jar;C:\Users\rashid.k\.m2\repository\org\mockito\mockito-core\5.3.1\mockito-core-5.3.1.jar;C:\Users\rashid.k\.m2\repository\net\bytebuddy\byte-buddy-agent\1.14.5\byte-buddy-agent-1.14.5.jar;C:\Users\rashid.k\.m2\repository\org\objenesis\objenesis\3.3\objenesis-3.3.jar;C:\Users\rashid.k\.m2\repository\org\mockito\mockito-junit-jupiter\5.3.1\mockito-junit-jupiter-5.3.1.jar;C:\Users\rashid.k\.m2\repository\org\skyscreamer\jsonassert\1.5.1\jsonassert-1.5.1.jar;C:\Users\rashid.k\.m2\repository\com\vaadin\external\google\android-json\0.0.20131108.vaadin1\android-json-0.0.20131108.vaadin1.jar;C:\Users\rashid.k\.m2\repository\org\springframework\spring-core\6.0.11\spring-core-6.0.11.jar;C:\Users\rashid.k\.m2\repository\org\springframework\spring-jcl\6.0.11\spring-jcl-6.0.11.jar;C:\Users\rashid.k\.m2\repository\org\springframework\spring-test\6.0.11\spring-test-6.0.11.jar;C:\Users\rashid.k\.m2\repository\org\xmlunit\xmlunit-core\2.9.1\xmlunit-core-2.9.1.jar;C:\Users\rashid.k\ImprovementProjects\sftp-application\libs\SFTP_Library.jar;C:\Users\rashid.k\ImprovementProjects\sftp-application\libs\RedisLibrary.jar;C:\Users\rashid.k\ImprovementProjects\sftp-application\libs\JsonToPojoLibrary.jar;C:\Users\rashid.k\.m2\repository\org\springframework\boot\spring-boot-starter-webflux\3.1.2\spring-boot-starter-webflux-3.1.2.jar;C:\Users\rashid.k\.m2\repository\org\springframework\boot\spring-boot-starter-reactor-netty\3.1.2\spring-boot-starter-reactor-netty-3.1.2.jar;C:\Users\rashid.k\.m2\repository\io\projectreactor\netty\reactor-netty-http\1.1.9\reactor-netty-http-1.1.9.jar;C:\Users\rashid.k\.m2\repository\io\netty\netty-codec-http\4.1.94.Final\netty-codec-http-4.1.94.Final.jar;C:\Users\rashid.k\.m2\repository\io\netty\netty-common\4.1.94.Final\netty-common-4.1.94.Final.jar;C:\Users\rashid.k\.m2\repository\io\netty\netty-buffer\4.1.94.Final\netty-buffer-4.1.94.Final.jar;C:\Users\rashid.k\.m2\repository\io\netty\netty-transport\4.1.94.Final\netty-transport-4.1.94.Final.jar;C:\Users\rashid.k\.m2\repository\io\netty\netty-codec\4.1.94.Final\netty-codec-4.1.94.Final.jar;C:\Users\rashid.k\.m2\repository\io\netty\netty-handler\4.1.94.Final\netty-handler-4.1.94.Final.jar;C:\Users\rashid.k\.m2\repository\io\netty\netty-codec-http2\4.1.94.Final\netty-codec-http2-4.1.94.Final.jar;C:\Users\rashid.k\.m2\repository\io\netty\netty-resolver-dns\4.1.94.Final\netty-resolver-dns-4.1.94.Final.jar;C:\Users\rashid.k\.m2\repository\io\netty\netty-resolver\4.1.94.Final\netty-resolver-4.1.94.Final.jar;C:\Users\rashid.k\.m2\repository\io\netty\netty-codec-dns\4.1.94.Final\netty-codec-dns-4.1.94.Final.jar;C:\Users\rashid.k\.m2\repository\io\netty\netty-resolver-dns-native-macos\4.1.94.Final\netty-resolver-dns-native-macos-4.1.94.Final-osx-x86_64.jar;C:\Users\rashid.k\.m2\repository\io\netty\netty-resolver-dns-classes-macos\4.1.94.Final\netty-resolver-dns-classes-macos-4.1.94.Final.jar;C:\Users\rashid.k\.m2\repository\io\netty\netty-transport-native-epoll\4.1.94.Final\netty-transport-native-epoll-4.1.94.Final-linux-x86_64.jar;C:\Users\rashid.k\.m2\repository\io\netty\netty-transport-native-unix-common\4.1.94.Final\netty-transport-native-unix-common-4.1.94.Final.jar;C:\Users\rashid.k\.m2\repository\io\netty\netty-transport-classes-epoll\4.1.94.Final\netty-transport-classes-epoll-4.1.94.Final.jar;C:\Users\rashid.k\.m2\repository\io\projectreactor\netty\reactor-netty-core\1.1.9\reactor-netty-core-1.1.9.jar;C:\Users\rashid.k\.m2\repository\io\netty\netty-handler-proxy\4.1.94.Final\netty-handler-proxy-4.1.94.Final.jar;C:\Users\rashid.k\.m2\repository\io\netty\netty-codec-socks\4.1.94.Final\netty-codec-socks-4.1.94.Final.jar;C:\Users\rashid.k\.m2\repository\org\springframework\spring-webflux\6.0.11\spring-webflux-6.0.11.jar;C:\Users\rashid.k\.m2\repository\io\projectreactor\reactor-core\3.5.8\reactor-core-3.5.8.jar;C:\Users\rashid.k\.m2\repository\org\reactivestreams\reactive-streams\1.0.4\reactive-streams-1.0.4.jar;C:\Users\rashid.k\.m2\repository\org\springframework\kafka\spring-kafka\3.0.9\spring-kafka-3.0.9.jar;C:\Users\rashid.k\.m2\repository\org\springframework\spring-context\6.0.11\spring-context-6.0.11.jar;C:\Users\rashid.k\.m2\repository\org\springframework\spring-messaging\6.0.11\spring-messaging-6.0.11.jar;C:\Users\rashid.k\.m2\repository\org\springframework\spring-tx\6.0.11\spring-tx-6.0.11.jar;C:\Users\rashid.k\.m2\repository\org\springframework\retry\spring-retry\2.0.2\spring-retry-2.0.2.jar;C:\Users\rashid.k\.m2\repository\org\apache\kafka\kafka-clients\3.4.1\kafka-clients-3.4.1.jar;C:\Users\rashid.k\.m2\repository\com\github\luben\zstd-jni\1.5.2-1\zstd-jni-1.5.2-1.jar;C:\Users\rashid.k\.m2\repository\org\lz4\lz4-java\1.8.0\lz4-java-1.8.0.jar;C:\Users\rashid.k\.m2\repository\org\xerial\snappy\snappy-java\1.1.8.4\snappy-java-1.1.8.4.jar;C:\Users\rashid.k\.m2\repository\io\micrometer\micrometer-observation\1.11.2\micrometer-observation-1.11.2.jar;C:\Users\rashid.k\.m2\repository\io\micrometer\micrometer-commons\1.11.2\micrometer-commons-1.11.2.jar;C:\Users\rashid.k\.m2\repository\com\google\code\findbugs\jsr305\3.0.2\jsr305-3.0.2.jar;C:\Users\rashid.k\.m2\repository\org\jacoco\jacoco-maven-plugin\0.8.6\jacoco-maven-plugin-0.8.6.jar;C:\Users\rashid.k\.m2\repository\org\apache\maven\maven-plugin-api\3.0\maven-plugin-api-3.0.jar;C:\Users\rashid.k\.m2\repository\org\apache\maven\maven-model\3.0\maven-model-3.0.jar;C:\Users\rashid.k\.m2\repository\org\apache\maven\maven-artifact\3.0\maven-artifact-3.0.jar;C:\Users\rashid.k\.m2\repository\org\sonatype\sisu\sisu-inject-plexus\1.4.2\sisu-inject-plexus-1.4.2.jar;C:\Users\rashid.k\.m2\repository\org\sonatype\sisu\sisu-inject-bean\1.4.2\sisu-inject-bean-1.4.2.jar;C:\Users\rashid.k\.m2\repository\org\sonatype\sisu\sisu-guice\2.1.7\sisu-guice-2.1.7-noaop.jar;C:\Users\rashid.k\.m2\repository\org\apache\maven\maven-core\3.0\maven-core-3.0.jar;C:\Users\rashid.k\.m2\repository\org\apache\maven\maven-settings\3.0\maven-settings-3.0.jar;C:\Users\rashid.k\.m2\repository\org\apache\maven\maven-settings-builder\3.0\maven-settings-builder-3.0.jar;C:\Users\rashid.k\.m2\repository\org\apache\maven\maven-repository-metadata\3.0\maven-repository-metadata-3.0.jar;C:\Users\rashid.k\.m2\repository\org\apache\maven\maven-model-builder\3.0\maven-model-builder-3.0.jar;C:\Users\rashid.k\.m2\repository\org\apache\maven\maven-aether-provider\3.0\maven-aether-provider-3.0.jar;C:\Users\rashid.k\.m2\repository\org\sonatype\aether\aether-impl\1.7\aether-impl-1.7.jar;C:\Users\rashid.k\.m2\repository\org\sonatype\aether\aether-spi\1.7\aether-spi-1.7.jar;C:\Users\rashid.k\.m2\repository\org\sonatype\aether\aether-api\1.7\aether-api-1.7.jar;C:\Users\rashid.k\.m2\repository\org\sonatype\aether\aether-util\1.7\aether-util-1.7.jar;C:\Users\rashid.k\.m2\repository\org\codehaus\plexus\plexus-interpolation\1.14\plexus-interpolation-1.14.jar;C:\Users\rashid.k\.m2\repository\org\codehaus\plexus\plexus-classworlds\2.2.3\plexus-classworlds-2.2.3.jar;C:\Users\rashid.k\.m2\repository\org\codehaus\plexus\plexus-component-annotations\1.5.5\plexus-component-annotations-1.5.5.jar;C:\Users\rashid.k\.m2\repository\org\sonatype\plexus\plexus-sec-dispatcher\1.3\plexus-sec-dispatcher-1.3.jar;C:\Users\rashid.k\.m2\repository\org\sonatype\plexus\plexus-cipher\1.4\plexus-cipher-1.4.jar;C:\Users\rashid.k\.m2\repository\org\codehaus\plexus\plexus-utils\3.0.22\plexus-utils-3.0.22.jar;C:\Users\rashid.k\.m2\repository\org\apache\maven\shared\file-management\1.2.1\file-management-1.2.1.jar;C:\Users\rashid.k\.m2\repository\org\apache\maven\shared\maven-shared-io\1.1\maven-shared-io-1.1.jar;C:\Users\rashid.k\.m2\repository\org\apache\maven\maven-artifact-manager\2.0.2\maven-artifact-manager-2.0.2.jar;C:\Users\rashid.k\.m2\repository\org\apache\maven\wagon\wagon-provider-api\1.0-alpha-6\wagon-provider-api-1.0-alpha-6.jar;C:\Users\rashid.k\.m2\repository\org\codehaus\plexus\plexus-container-default\1.0-alpha-9\plexus-container-default-1.0-alpha-9.jar;C:\Users\rashid.k\.m2\repository\junit\junit\4.13.2\junit-4.13.2.jar;C:\Users\rashid.k\.m2\repository\org\hamcrest\hamcrest-core\2.2\hamcrest-core-2.2.jar;C:\Users\rashid.k\.m2\repository\classworlds\classworlds\1.1-alpha-2\classworlds-1.1-alpha-2.jar;C:\Users\rashid.k\.m2\repository\org\apache\maven\reporting\maven-reporting-api\3.0\maven-reporting-api-3.0.jar;C:\Users\rashid.k\.m2\repository\org\apache\maven\doxia\doxia-sink-api\1.0\doxia-sink-api-1.0.jar;C:\Users\rashid.k\.m2\repository\org\apache\maven\reporting\maven-reporting-impl\2.1\maven-reporting-impl-2.1.jar;C:\Users\rashid.k\.m2\repository\org\apache\maven\maven-project\2.0.10\maven-project-2.0.10.jar;C:\Users\rashid.k\.m2\repository\org\apache\maven\maven-profile\2.0.10\maven-profile-2.0.10.jar;C:\Users\rashid.k\.m2\repository\org\apache\maven\maven-plugin-registry\2.0.10\maven-plugin-registry-2.0.10.jar;C:\Users\rashid.k\.m2\repository\org\apache\maven\doxia\doxia-core\1.1.2\doxia-core-1.1.2.jar;C:\Users\rashid.k\.m2\repository\org\apache\maven\doxia\doxia-logging-api\1.1.2\doxia-logging-api-1.1.2.jar;C:\Users\rashid.k\.m2\repository\xerces\xercesImpl\2.8.1\xercesImpl-2.8.1.jar;C:\Users\rashid.k\.m2\repository\commons-lang\commons-lang\2.4\commons-lang-2.4.jar;C:\Users\rashid.k\.m2\repository\commons-httpclient\commons-httpclient\3.1\commons-httpclient-3.1.jar;C:\Users\rashid.k\.m2\repository\commons-codec\commons-codec\1.15\commons-codec-1.15.jar;C:\Users\rashid.k\.m2\repository\org\apache\maven\doxia\doxia-site-renderer\1.1.2\doxia-site-renderer-1.1.2.jar;C:\Users\rashid.k\.m2\repository\org\apache\maven\doxia\doxia-decoration-model\1.1.2\doxia-decoration-model-1.1.2.jar;C:\Users\rashid.k\.m2\repository\org\apache\maven\doxia\doxia-module-xhtml\1.1.2\doxia-module-xhtml-1.1.2.jar;C:\Users\rashid.k\.m2\repository\org\apache\maven\doxia\doxia-module-fml\1.1.2\doxia-module-fml-1.1.2.jar;C:\Users\rashid.k\.m2\repository\org\codehaus\plexus\plexus-i18n\1.0-beta-7\plexus-i18n-1.0-beta-7.jar;C:\Users\rashid.k\.m2\repository\org\codehaus\plexus\plexus-velocity\1.1.7\plexus-velocity-1.1.7.jar;C:\Users\rashid.k\.m2\repository\org\apache\velocity\velocity\1.5\velocity-1.5.jar;C:\Users\rashid.k\.m2\repository\commons-collections\commons-collections\3.2\commons-collections-3.2.jar;C:\Users\rashid.k\.m2\repository\commons-validator\commons-validator\1.2.0\commons-validator-1.2.0.jar;C:\Users\rashid.k\.m2\repository\commons-beanutils\commons-beanutils\1.7.0\commons-beanutils-1.7.0.jar;C:\Users\rashid.k\.m2\repository\commons-digester\commons-digester\1.6\commons-digester-1.6.jar;C:\Users\rashid.k\.m2\repository\commons-logging\commons-logging\1.0.4\commons-logging-1.0.4.jar;C:\Users\rashid.k\.m2\repository\oro\oro\2.0.8\oro-2.0.8.jar;C:\Users\rashid.k\.m2\repository\xml-apis\xml-apis\1.0.b2\xml-apis-1.0.b2.jar;C:\Users\rashid.k\.m2\repository\org\jacoco\org.jacoco.agent\0.8.6\org.jacoco.agent-0.8.6-runtime.jar;C:\Users\rashid.k\.m2\repository\org\jacoco\org.jacoco.core\0.8.6\org.jacoco.core-0.8.6.jar;C:\Users\rashid.k\.m2\repository\org\ow2\asm\asm\8.0.1\asm-8.0.1.jar;C:\Users\rashid.k\.m2\repository\org\ow2\asm\asm-commons\8.0.1\asm-commons-8.0.1.jar;C:\Users\rashid.k\.m2\repository\org\ow2\asm\asm-analysis\8.0.1\asm-analysis-8.0.1.jar;C:\Users\rashid.k\.m2\repository\org\ow2\asm\asm-tree\8.0.1\asm-tree-8.0.1.jar;C:\Users\rashid.k\.m2\repository\org\jacoco\org.jacoco.report\0.8.6\org.jacoco.report-0.8.6.jar;"/>
    <property name="java.vm.vendor" value="Oracle Corporation"/>
    <property name="sun.arch.data.model" value="64"/>
    <property name="user.variant" value=""/>
    <property name="java.vendor.url" value="https://java.oracle.com/"/>
    <property name="user.timezone" value="Asia/Calcutta"/>
    <property name="os.name" value="Windows 10"/>
    <property name="java.vm.specification.version" value="17"/>
    <property name="sun.java.launcher" value="SUN_STANDARD"/>
    <property name="user.country" value="IN"/>
    <property name="sun.boot.library.path" value="C:\Program Files\Java\jdk-17\bin"/>
    <property name="sun.java.command" value="C:\Users\rashid.k\AppData\Local\Temp\surefire18128579583007201127\surefirebooter-20230906144330995_3.jar C:\Users\rashid.k\AppData\Local\Temp\surefire18128579583007201127 2023-09-06T14-43-30_764-jvmRun1 surefire-20230906144330995_1tmp surefire_0-20230906144330995_2tmp"/>
    <property name="jdk.debug" value="release"/>
    <property name="surefire.test.class.path" value="C:\Users\rashid.k\ImprovementProjects\sftp-application\target\test-classes;C:\Users\rashid.k\ImprovementProjects\sftp-application\target\classes;C:\Users\rashid.k\.m2\repository\org\springframework\boot\spring-boot-starter-validation\3.1.2\spring-boot-starter-validation-3.1.2.jar;C:\Users\rashid.k\.m2\repository\org\springframework\boot\spring-boot-starter\3.1.2\spring-boot-starter-3.1.2.jar;C:\Users\rashid.k\.m2\repository\org\springframework\boot\spring-boot\3.1.2\spring-boot-3.1.2.jar;C:\Users\rashid.k\.m2\repository\org\springframework\boot\spring-boot-autoconfigure\3.1.2\spring-boot-autoconfigure-3.1.2.jar;C:\Users\rashid.k\.m2\repository\org\springframework\boot\spring-boot-starter-logging\3.1.2\spring-boot-starter-logging-3.1.2.jar;C:\Users\rashid.k\.m2\repository\ch\qos\logback\logback-classic\1.4.8\logback-classic-1.4.8.jar;C:\Users\rashid.k\.m2\repository\ch\qos\logback\logback-core\1.4.8\logback-core-1.4.8.jar;C:\Users\rashid.k\.m2\repository\org\apache\logging\log4j\log4j-to-slf4j\2.20.0\log4j-to-slf4j-2.20.0.jar;C:\Users\rashid.k\.m2\repository\org\apache\logging\log4j\log4j-api\2.20.0\log4j-api-2.20.0.jar;C:\Users\rashid.k\.m2\repository\org\slf4j\jul-to-slf4j\2.0.7\jul-to-slf4j-2.0.7.jar;C:\Users\rashid.k\.m2\repository\jakarta\annotation\jakarta.annotation-api\2.1.1\jakarta.annotation-api-2.1.1.jar;C:\Users\rashid.k\.m2\repository\org\yaml\snakeyaml\1.33\snakeyaml-1.33.jar;C:\Users\rashid.k\.m2\repository\org\apache\tomcat\embed\tomcat-embed-el\10.1.11\tomcat-embed-el-10.1.11.jar;C:\Users\rashid.k\.m2\repository\org\hibernate\validator\hibernate-validator\8.0.1.Final\hibernate-validator-8.0.1.Final.jar;C:\Users\rashid.k\.m2\repository\jakarta\validation\jakarta.validation-api\3.0.2\jakarta.validation-api-3.0.2.jar;C:\Users\rashid.k\.m2\repository\org\jboss\logging\jboss-logging\3.5.3.Final\jboss-logging-3.5.3.Final.jar;C:\Users\rashid.k\.m2\repository\com\fasterxml\classmate\1.5.1\classmate-1.5.1.jar;C:\Users\rashid.k\.m2\repository\org\springframework\boot\spring-boot-starter-web\3.1.2\spring-boot-starter-web-3.1.2.jar;C:\Users\rashid.k\.m2\repository\org\springframework\boot\spring-boot-starter-json\3.1.2\spring-boot-starter-json-3.1.2.jar;C:\Users\rashid.k\.m2\repository\com\fasterxml\jackson\core\jackson-databind\2.15.2\jackson-databind-2.15.2.jar;C:\Users\rashid.k\.m2\repository\com\fasterxml\jackson\core\jackson-annotations\2.15.2\jackson-annotations-2.15.2.jar;C:\Users\rashid.k\.m2\repository\com\fasterxml\jackson\core\jackson-core\2.15.2\jackson-core-2.15.2.jar;C:\Users\rashid.k\.m2\repository\com\fasterxml\jackson\datatype\jackson-datatype-jdk8\2.15.2\jackson-datatype-jdk8-2.15.2.jar;C:\Users\rashid.k\.m2\repository\com\fasterxml\jackson\datatype\jackson-datatype-jsr310\2.15.2\jackson-datatype-jsr310-2.15.2.jar;C:\Users\rashid.k\.m2\repository\com\fasterxml\jackson\module\jackson-module-parameter-names\2.15.2\jackson-module-parameter-names-2.15.2.jar;C:\Users\rashid.k\.m2\repository\org\springframework\boot\spring-boot-starter-tomcat\3.1.2\spring-boot-starter-tomcat-3.1.2.jar;C:\Users\rashid.k\.m2\repository\org\apache\tomcat\embed\tomcat-embed-core\10.1.11\tomcat-embed-core-10.1.11.jar;C:\Users\rashid.k\.m2\repository\org\apache\tomcat\embed\tomcat-embed-websocket\10.1.11\tomcat-embed-websocket-10.1.11.jar;C:\Users\rashid.k\.m2\repository\org\springframework\spring-web\6.0.11\spring-web-6.0.11.jar;C:\Users\rashid.k\.m2\repository\org\springframework\spring-beans\6.0.11\spring-beans-6.0.11.jar;C:\Users\rashid.k\.m2\repository\org\springframework\spring-webmvc\6.0.11\spring-webmvc-6.0.11.jar;C:\Users\rashid.k\.m2\repository\org\springframework\spring-aop\6.0.11\spring-aop-6.0.11.jar;C:\Users\rashid.k\.m2\repository\org\springframework\spring-expression\6.0.11\spring-expression-6.0.11.jar;C:\Users\rashid.k\.m2\repository\org\projectlombok\lombok\1.18.28\lombok-1.18.28.jar;C:\Users\rashid.k\.m2\repository\org\springframework\boot\spring-boot-starter-test\3.1.2\spring-boot-starter-test-3.1.2.jar;C:\Users\rashid.k\.m2\repository\org\springframework\boot\spring-boot-test\3.1.2\spring-boot-test-3.1.2.jar;C:\Users\rashid.k\.m2\repository\org\springframework\boot\spring-boot-test-autoconfigure\3.1.2\spring-boot-test-autoconfigure-3.1.2.jar;C:\Users\rashid.k\.m2\repository\com\jayway\jsonpath\json-path\2.8.0\json-path-2.8.0.jar;C:\Users\rashid.k\.m2\repository\org\slf4j\slf4j-api\2.0.7\slf4j-api-2.0.7.jar;C:\Users\rashid.k\.m2\repository\jakarta\xml\bind\jakarta.xml.bind-api\4.0.0\jakarta.xml.bind-api-4.0.0.jar;C:\Users\rashid.k\.m2\repository\jakarta\activation\jakarta.activation-api\2.1.2\jakarta.activation-api-2.1.2.jar;C:\Users\rashid.k\.m2\repository\net\minidev\json-smart\2.4.11\json-smart-2.4.11.jar;C:\Users\rashid.k\.m2\repository\net\minidev\accessors-smart\2.4.11\accessors-smart-2.4.11.jar;C:\Users\rashid.k\.m2\repository\org\assertj\assertj-core\3.24.2\assertj-core-3.24.2.jar;C:\Users\rashid.k\.m2\repository\net\bytebuddy\byte-buddy\1.14.5\byte-buddy-1.14.5.jar;C:\Users\rashid.k\.m2\repository\org\hamcrest\hamcrest\2.2\hamcrest-2.2.jar;C:\Users\rashid.k\.m2\repository\org\junit\jupiter\junit-jupiter\5.9.3\junit-jupiter-5.9.3.jar;C:\Users\rashid.k\.m2\repository\org\junit\jupiter\junit-jupiter-api\5.9.3\junit-jupiter-api-5.9.3.jar;C:\Users\rashid.k\.m2\repository\org\opentest4j\opentest4j\1.2.0\opentest4j-1.2.0.jar;C:\Users\rashid.k\.m2\repository\org\junit\platform\junit-platform-commons\1.9.3\junit-platform-commons-1.9.3.jar;C:\Users\rashid.k\.m2\repository\org\apiguardian\apiguardian-api\1.1.2\apiguardian-api-1.1.2.jar;C:\Users\rashid.k\.m2\repository\org\junit\jupiter\junit-jupiter-params\5.9.3\junit-jupiter-params-5.9.3.jar;C:\Users\rashid.k\.m2\repository\org\junit\jupiter\junit-jupiter-engine\5.9.3\junit-jupiter-engine-5.9.3.jar;C:\Users\rashid.k\.m2\repository\org\junit\platform\junit-platform-engine\1.9.3\junit-platform-engine-1.9.3.jar;C:\Users\rashid.k\.m2\repository\org\mockito\mockito-core\5.3.1\mockito-core-5.3.1.jar;C:\Users\rashid.k\.m2\repository\net\bytebuddy\byte-buddy-agent\1.14.5\byte-buddy-agent-1.14.5.jar;C:\Users\rashid.k\.m2\repository\org\objenesis\objenesis\3.3\objenesis-3.3.jar;C:\Users\rashid.k\.m2\repository\org\mockito\mockito-junit-jupiter\5.3.1\mockito-junit-jupiter-5.3.1.jar;C:\Users\rashid.k\.m2\repository\org\skyscreamer\jsonassert\1.5.1\jsonassert-1.5.1.jar;C:\Users\rashid.k\.m2\repository\com\vaadin\external\google\android-json\0.0.20131108.vaadin1\android-json-0.0.20131108.vaadin1.jar;C:\Users\rashid.k\.m2\repository\org\springframework\spring-core\6.0.11\spring-core-6.0.11.jar;C:\Users\rashid.k\.m2\repository\org\springframework\spring-jcl\6.0.11\spring-jcl-6.0.11.jar;C:\Users\rashid.k\.m2\repository\org\springframework\spring-test\6.0.11\spring-test-6.0.11.jar;C:\Users\rashid.k\.m2\repository\org\xmlunit\xmlunit-core\2.9.1\xmlunit-core-2.9.1.jar;C:\Users\rashid.k\ImprovementProjects\sftp-application\libs\SFTP_Library.jar;C:\Users\rashid.k\ImprovementProjects\sftp-application\libs\RedisLibrary.jar;C:\Users\rashid.k\ImprovementProjects\sftp-application\libs\JsonToPojoLibrary.jar;C:\Users\rashid.k\.m2\repository\org\springframework\boot\spring-boot-starter-webflux\3.1.2\spring-boot-starter-webflux-3.1.2.jar;C:\Users\rashid.k\.m2\repository\org\springframework\boot\spring-boot-starter-reactor-netty\3.1.2\spring-boot-starter-reactor-netty-3.1.2.jar;C:\Users\rashid.k\.m2\repository\io\projectreactor\netty\reactor-netty-http\1.1.9\reactor-netty-http-1.1.9.jar;C:\Users\rashid.k\.m2\repository\io\netty\netty-codec-http\4.1.94.Final\netty-codec-http-4.1.94.Final.jar;C:\Users\rashid.k\.m2\repository\io\netty\netty-common\4.1.94.Final\netty-common-4.1.94.Final.jar;C:\Users\rashid.k\.m2\repository\io\netty\netty-buffer\4.1.94.Final\netty-buffer-4.1.94.Final.jar;C:\Users\rashid.k\.m2\repository\io\netty\netty-transport\4.1.94.Final\netty-transport-4.1.94.Final.jar;C:\Users\rashid.k\.m2\repository\io\netty\netty-codec\4.1.94.Final\netty-codec-4.1.94.Final.jar;C:\Users\rashid.k\.m2\repository\io\netty\netty-handler\4.1.94.Final\netty-handler-4.1.94.Final.jar;C:\Users\rashid.k\.m2\repository\io\netty\netty-codec-http2\4.1.94.Final\netty-codec-http2-4.1.94.Final.jar;C:\Users\rashid.k\.m2\repository\io\netty\netty-resolver-dns\4.1.94.Final\netty-resolver-dns-4.1.94.Final.jar;C:\Users\rashid.k\.m2\repository\io\netty\netty-resolver\4.1.94.Final\netty-resolver-4.1.94.Final.jar;C:\Users\rashid.k\.m2\repository\io\netty\netty-codec-dns\4.1.94.Final\netty-codec-dns-4.1.94.Final.jar;C:\Users\rashid.k\.m2\repository\io\netty\netty-resolver-dns-native-macos\4.1.94.Final\netty-resolver-dns-native-macos-4.1.94.Final-osx-x86_64.jar;C:\Users\rashid.k\.m2\repository\io\netty\netty-resolver-dns-classes-macos\4.1.94.Final\netty-resolver-dns-classes-macos-4.1.94.Final.jar;C:\Users\rashid.k\.m2\repository\io\netty\netty-transport-native-epoll\4.1.94.Final\netty-transport-native-epoll-4.1.94.Final-linux-x86_64.jar;C:\Users\rashid.k\.m2\repository\io\netty\netty-transport-native-unix-common\4.1.94.Final\netty-transport-native-unix-common-4.1.94.Final.jar;C:\Users\rashid.k\.m2\repository\io\netty\netty-transport-classes-epoll\4.1.94.Final\netty-transport-classes-epoll-4.1.94.Final.jar;C:\Users\rashid.k\.m2\repository\io\projectreactor\netty\reactor-netty-core\1.1.9\reactor-netty-core-1.1.9.jar;C:\Users\rashid.k\.m2\repository\io\netty\netty-handler-proxy\4.1.94.Final\netty-handler-proxy-4.1.94.Final.jar;C:\Users\rashid.k\.m2\repository\io\netty\netty-codec-socks\4.1.94.Final\netty-codec-socks-4.1.94.Final.jar;C:\Users\rashid.k\.m2\repository\org\springframework\spring-webflux\6.0.11\spring-webflux-6.0.11.jar;C:\Users\rashid.k\.m2\repository\io\projectreactor\reactor-core\3.5.8\reactor-core-3.5.8.jar;C:\Users\rashid.k\.m2\repository\org\reactivestreams\reactive-streams\1.0.4\reactive-streams-1.0.4.jar;C:\Users\rashid.k\.m2\repository\org\springframework\kafka\spring-kafka\3.0.9\spring-kafka-3.0.9.jar;C:\Users\rashid.k\.m2\repository\org\springframework\spring-context\6.0.11\spring-context-6.0.11.jar;C:\Users\rashid.k\.m2\repository\org\springframework\spring-messaging\6.0.11\spring-messaging-6.0.11.jar;C:\Users\rashid.k\.m2\repository\org\springframework\spring-tx\6.0.11\spring-tx-6.0.11.jar;C:\Users\rashid.k\.m2\repository\org\springframework\retry\spring-retry\2.0.2\spring-retry-2.0.2.jar;C:\Users\rashid.k\.m2\repository\org\apache\kafka\kafka-clients\3.4.1\kafka-clients-3.4.1.jar;C:\Users\rashid.k\.m2\repository\com\github\luben\zstd-jni\1.5.2-1\zstd-jni-1.5.2-1.jar;C:\Users\rashid.k\.m2\repository\org\lz4\lz4-java\1.8.0\lz4-java-1.8.0.jar;C:\Users\rashid.k\.m2\repository\org\xerial\snappy\snappy-java\1.1.8.4\snappy-java-1.1.8.4.jar;C:\Users\rashid.k\.m2\repository\io\micrometer\micrometer-observation\1.11.2\micrometer-observation-1.11.2.jar;C:\Users\rashid.k\.m2\repository\io\micrometer\micrometer-commons\1.11.2\micrometer-commons-1.11.2.jar;C:\Users\rashid.k\.m2\repository\com\google\code\findbugs\jsr305\3.0.2\jsr305-3.0.2.jar;C:\Users\rashid.k\.m2\repository\org\jacoco\jacoco-maven-plugin\0.8.6\jacoco-maven-plugin-0.8.6.jar;C:\Users\rashid.k\.m2\repository\org\apache\maven\maven-plugin-api\3.0\maven-plugin-api-3.0.jar;C:\Users\rashid.k\.m2\repository\org\apache\maven\maven-model\3.0\maven-model-3.0.jar;C:\Users\rashid.k\.m2\repository\org\apache\maven\maven-artifact\3.0\maven-artifact-3.0.jar;C:\Users\rashid.k\.m2\repository\org\sonatype\sisu\sisu-inject-plexus\1.4.2\sisu-inject-plexus-1.4.2.jar;C:\Users\rashid.k\.m2\repository\org\sonatype\sisu\sisu-inject-bean\1.4.2\sisu-inject-bean-1.4.2.jar;C:\Users\rashid.k\.m2\repository\org\sonatype\sisu\sisu-guice\2.1.7\sisu-guice-2.1.7-noaop.jar;C:\Users\rashid.k\.m2\repository\org\apache\maven\maven-core\3.0\maven-core-3.0.jar;C:\Users\rashid.k\.m2\repository\org\apache\maven\maven-settings\3.0\maven-settings-3.0.jar;C:\Users\rashid.k\.m2\repository\org\apache\maven\maven-settings-builder\3.0\maven-settings-builder-3.0.jar;C:\Users\rashid.k\.m2\repository\org\apache\maven\maven-repository-metadata\3.0\maven-repository-metadata-3.0.jar;C:\Users\rashid.k\.m2\repository\org\apache\maven\maven-model-builder\3.0\maven-model-builder-3.0.jar;C:\Users\rashid.k\.m2\repository\org\apache\maven\maven-aether-provider\3.0\maven-aether-provider-3.0.jar;C:\Users\rashid.k\.m2\repository\org\sonatype\aether\aether-impl\1.7\aether-impl-1.7.jar;C:\Users\rashid.k\.m2\repository\org\sonatype\aether\aether-spi\1.7\aether-spi-1.7.jar;C:\Users\rashid.k\.m2\repository\org\sonatype\aether\aether-api\1.7\aether-api-1.7.jar;C:\Users\rashid.k\.m2\repository\org\sonatype\aether\aether-util\1.7\aether-util-1.7.jar;C:\Users\rashid.k\.m2\repository\org\codehaus\plexus\plexus-interpolation\1.14\plexus-interpolation-1.14.jar;C:\Users\rashid.k\.m2\repository\org\codehaus\plexus\plexus-classworlds\2.2.3\plexus-classworlds-2.2.3.jar;C:\Users\rashid.k\.m2\repository\org\codehaus\plexus\plexus-component-annotations\1.5.5\plexus-component-annotations-1.5.5.jar;C:\Users\rashid.k\.m2\repository\org\sonatype\plexus\plexus-sec-dispatcher\1.3\plexus-sec-dispatcher-1.3.jar;C:\Users\rashid.k\.m2\repository\org\sonatype\plexus\plexus-cipher\1.4\plexus-cipher-1.4.jar;C:\Users\rashid.k\.m2\repository\org\codehaus\plexus\plexus-utils\3.0.22\plexus-utils-3.0.22.jar;C:\Users\rashid.k\.m2\repository\org\apache\maven\shared\file-management\1.2.1\file-management-1.2.1.jar;C:\Users\rashid.k\.m2\repository\org\apache\maven\shared\maven-shared-io\1.1\maven-shared-io-1.1.jar;C:\Users\rashid.k\.m2\repository\org\apache\maven\maven-artifact-manager\2.0.2\maven-artifact-manager-2.0.2.jar;C:\Users\rashid.k\.m2\repository\org\apache\maven\wagon\wagon-provider-api\1.0-alpha-6\wagon-provider-api-1.0-alpha-6.jar;C:\Users\rashid.k\.m2\repository\org\codehaus\plexus\plexus-container-default\1.0-alpha-9\plexus-container-default-1.0-alpha-9.jar;C:\Users\rashid.k\.m2\repository\junit\junit\4.13.2\junit-4.13.2.jar;C:\Users\rashid.k\.m2\repository\org\hamcrest\hamcrest-core\2.2\hamcrest-core-2.2.jar;C:\Users\rashid.k\.m2\repository\classworlds\classworlds\1.1-alpha-2\classworlds-1.1-alpha-2.jar;C:\Users\rashid.k\.m2\repository\org\apache\maven\reporting\maven-reporting-api\3.0\maven-reporting-api-3.0.jar;C:\Users\rashid.k\.m2\repository\org\apache\maven\doxia\doxia-sink-api\1.0\doxia-sink-api-1.0.jar;C:\Users\rashid.k\.m2\repository\org\apache\maven\reporting\maven-reporting-impl\2.1\maven-reporting-impl-2.1.jar;C:\Users\rashid.k\.m2\repository\org\apache\maven\maven-project\2.0.10\maven-project-2.0.10.jar;C:\Users\rashid.k\.m2\repository\org\apache\maven\maven-profile\2.0.10\maven-profile-2.0.10.jar;C:\Users\rashid.k\.m2\repository\org\apache\maven\maven-plugin-registry\2.0.10\maven-plugin-registry-2.0.10.jar;C:\Users\rashid.k\.m2\repository\org\apache\maven\doxia\doxia-core\1.1.2\doxia-core-1.1.2.jar;C:\Users\rashid.k\.m2\repository\org\apache\maven\doxia\doxia-logging-api\1.1.2\doxia-logging-api-1.1.2.jar;C:\Users\rashid.k\.m2\repository\xerces\xercesImpl\2.8.1\xercesImpl-2.8.1.jar;C:\Users\rashid.k\.m2\repository\commons-lang\commons-lang\2.4\commons-lang-2.4.jar;C:\Users\rashid.k\.m2\repository\commons-httpclient\commons-httpclient\3.1\commons-httpclient-3.1.jar;C:\Users\rashid.k\.m2\repository\commons-codec\commons-codec\1.15\commons-codec-1.15.jar;C:\Users\rashid.k\.m2\repository\org\apache\maven\doxia\doxia-site-renderer\1.1.2\doxia-site-renderer-1.1.2.jar;C:\Users\rashid.k\.m2\repository\org\apache\maven\doxia\doxia-decoration-model\1.1.2\doxia-decoration-model-1.1.2.jar;C:\Users\rashid.k\.m2\repository\org\apache\maven\doxia\doxia-module-xhtml\1.1.2\doxia-module-xhtml-1.1.2.jar;C:\Users\rashid.k\.m2\repository\org\apache\maven\doxia\doxia-module-fml\1.1.2\doxia-module-fml-1.1.2.jar;C:\Users\rashid.k\.m2\repository\org\codehaus\plexus\plexus-i18n\1.0-beta-7\plexus-i18n-1.0-beta-7.jar;C:\Users\rashid.k\.m2\repository\org\codehaus\plexus\plexus-velocity\1.1.7\plexus-velocity-1.1.7.jar;C:\Users\rashid.k\.m2\repository\org\apache\velocity\velocity\1.5\velocity-1.5.jar;C:\Users\rashid.k\.m2\repository\commons-collections\commons-collections\3.2\commons-collections-3.2.jar;C:\Users\rashid.k\.m2\repository\commons-validator\commons-validator\1.2.0\commons-validator-1.2.0.jar;C:\Users\rashid.k\.m2\repository\commons-beanutils\commons-beanutils\1.7.0\commons-beanutils-1.7.0.jar;C:\Users\rashid.k\.m2\repository\commons-digester\commons-digester\1.6\commons-digester-1.6.jar;C:\Users\rashid.k\.m2\repository\commons-logging\commons-logging\1.0.4\commons-logging-1.0.4.jar;C:\Users\rashid.k\.m2\repository\oro\oro\2.0.8\oro-2.0.8.jar;C:\Users\rashid.k\.m2\repository\xml-apis\xml-apis\1.0.b2\xml-apis-1.0.b2.jar;C:\Users\rashid.k\.m2\repository\org\jacoco\org.jacoco.agent\0.8.6\org.jacoco.agent-0.8.6-runtime.jar;C:\Users\rashid.k\.m2\repository\org\jacoco\org.jacoco.core\0.8.6\org.jacoco.core-0.8.6.jar;C:\Users\rashid.k\.m2\repository\org\ow2\asm\asm\8.0.1\asm-8.0.1.jar;C:\Users\rashid.k\.m2\repository\org\ow2\asm\asm-commons\8.0.1\asm-commons-8.0.1.jar;C:\Users\rashid.k\.m2\repository\org\ow2\asm\asm-analysis\8.0.1\asm-analysis-8.0.1.jar;C:\Users\rashid.k\.m2\repository\org\ow2\asm\asm-tree\8.0.1\asm-tree-8.0.1.jar;C:\Users\rashid.k\.m2\repository\org\jacoco\org.jacoco.report\0.8.6\org.jacoco.report-0.8.6.jar;"/>
    <property name="sun.cpu.endian" value="little"/>
    <property name="user.home" value="C:\Users\rashid.k"/>
    <property name="user.language" value="en"/>
    <property name="java.specification.vendor" value="Oracle Corporation"/>
    <property name="java.version.date" value="2023-07-18"/>
    <property name="java.home" value="C:\Program Files\Java\jdk-17"/>
    <property name="file.separator" value="\"/>
    <property name="basedir" value="C:\Users\rashid.k\ImprovementProjects\sftp-application"/>
    <property name="java.vm.compressedOopsMode" value="Zero based"/>
    <property name="line.separator" value="&#10;"/>
    <property name="java.vm.specification.vendor" value="Oracle Corporation"/>
    <property name="java.specification.name" value="Java Platform API Specification"/>
    <property name="surefire.real.class.path" value="C:\Users\rashid.k\AppData\Local\Temp\surefire18128579583007201127\surefirebooter-20230906144330995_3.jar"/>
    <property name="user.script" value=""/>
    <property name="sun.management.compiler" value="HotSpot 64-Bit Tiered Compilers"/>
    <property name="java.runtime.version" value="17.0.8+9-LTS-211"/>
    <property name="user.name" value="Rashid.k"/>
    <property name="path.separator" value=";"/>
    <property name="os.version" value="10.0"/>
    <property name="java.runtime.name" value="Java(TM) SE Runtime Environment"/>
    <property name="file.encoding" value="Cp1252"/>
    <property name="java.vm.name" value="Java HotSpot(TM) 64-Bit Server VM"/>
    <property name="localRepository" value="C:\Users\rashid.k\.m2\repository"/>
    <property name="java.vendor.url.bug" value="https://bugreport.java.com/bugreport/"/>
    <property name="java.io.tmpdir" value="C:\Users\rashid.k\AppData\Local\Temp\"/>
    <property name="sonar.token" value="sqp_7b98f55580a33795aedcc1dfed53f70fa21a906a"/>
    <property name="java.version" value="17.0.8"/>
    <property name="user.dir" value="C:\Users\rashid.k\ImprovementProjects\sftp-application"/>
    <property name="os.arch" value="amd64"/>
    <property name="java.vm.specification.name" value="Java Virtual Machine Specification"/>
    <property name="sun.os.patch.level" value=""/>
    <property name="native.encoding" value="Cp1252"/>
    <property name="sonar.projectKey" value="sftp-application"/>
    <property name="java.library.path" value="C:\Program Files\Java\jdk-17\bin;C:\WINDOWS\Sun\Java\bin;C:\WINDOWS\system32;C:\WINDOWS;C:\Program Files\Java\jdk-17\\bin;C:\Program Files\Common Files\Oracle\Java\javapath;C:\Python311\Scripts\;C:\Python311\;C:\ProgramData\Oracle\Java\javapath;C:\WINDOWS\system32;C:\WINDOWS;C:\WINDOWS\System32\Wbem;C:\WINDOWS\System32\WindowsPowerShell\v1.0\;C:\WINDOWS\System32\OpenSSH\;C:\Users\rashid.k\Downloads\mongosh-1.6.1-win32-x64\mongosh-1.6.1-win32-x64\bin;C:\Program Files\PuTTY\;C:\Program Files\Git\cmd;C:\Program Files\nodejs\;C:\ProgramData\chocolatey\bin;C:\Program Files\apache-maven-3.9.3\bin;C:\Program Files\micronaut-cli-4.0.2\bin;C:\Users\rashid.k\AppData\Local\Microsoft\WindowsApps;C:\Users\rashid.k\AppData\Roaming\npm;C:\Users\rashid.k\AppData\Local\Programs\Microsoft VS Code\bin;C:\Program Files\JetBrains\IntelliJ IDEA 2023.2\bin;;C:\Program Files\JetBrains\IntelliJ IDEA Educational Edition 2022.2.2\bin;;."/>
    <property name="java.vm.info" value="mixed mode, sharing"/>
    <property name="java.vendor" value="Oracle Corporation"/>
    <property name="java.vm.version" value="17.0.8+9-LTS-211"/>
    <property name="sun.io.unicode.encoding" value="UnicodeLittle"/>
    <property name="java.class.version" value="61.0"/>
  </properties>
  <testcase name="testAddPermissionToRoleSuccess" classname="com.happiest.minds.sftpapplication.controller.RolePermissionControllerTest" time="0.045">
    <system-out><![CDATA[14:43:36.114 [main] INFO com.happiest.minds.sftpapplication.controller.RolePermissionController -- rolePermissionDTO: RolePermissionDTO(roleId=null, permissionId=null)
14:43:36.115 [main] INFO com.happiest.minds.sftpapplication.controller.RolePermissionController -- rolePermission: RolePermission(roleId=null, permissionId=null)
]]></system-out>
  </testcase>
  <testcase name="testDeletePermissionOfRoleSuccess" classname="com.happiest.minds.sftpapplication.controller.RolePermissionControllerTest" time="0.009">
    <system-out><![CDATA[14:43:36.125 [main] INFO com.happiest.minds.sftpapplication.controller.RolePermissionController -- rolePermissionDTO: RolePermissionDTO(roleId=null, permissionId=null)
]]></system-out>
  </testcase>
</testsuite>